mode: set
log_analyzer/filter/filter.go:5.44,6.25 1 0
log_analyzer/filter/filter.go:6.25,8.3 1 0
log_analyzer/filter/filter.go:11.2,12.33 2 0
log_analyzer/filter/filter.go:12.33,14.3 1 0
log_analyzer/filter/filter.go:17.2,17.36 1 0
log_analyzer/filter/filter.go:17.36,19.25 2 0
log_analyzer/filter/filter.go:19.25,20.17 1 0
log_analyzer/filter/filter.go:20.17,22.5 1 0
log_analyzer/filter/filter.go:24.3,24.16 1 0
log_analyzer/filter/filter.go:27.2,28.24 2 0
log_analyzer/filter/filter.go:28.24,30.3 1 0
log_analyzer/filter/filter.go:31.2,31.12 1 0
log_analyzer/filter/filter.go:36.21,40.41 2 0
log_analyzer/filter/filter.go:40.41,43.22 2 0
log_analyzer/filter/filter.go:43.22,45.33 2 0
log_analyzer/filter/filter.go:45.33,47.5 1 0
log_analyzer/filter/filter.go:48.4,48.43 1 0
log_analyzer/filter/filter.go:51.3,51.26 1 0
log_analyzer/filter/filter.go:51.26,53.41 2 0
log_analyzer/filter/filter.go:53.41,55.5 1 0
log_analyzer/filter/filter.go:56.4,56.43 1 0
log_analyzer/filter/filter.go:59.3,59.21 1 0
log_analyzer/filter/filter.go:59.21,61.31 2 0
log_analyzer/filter/filter.go:61.31,63.5 1 0
log_analyzer/filter/filter.go:64.4,64.43 1 0
log_analyzer/filter/filter.go:67.3,67.22 1 0
log_analyzer/filter/filter.go:67.22,69.33 2 0
log_analyzer/filter/filter.go:69.33,71.5 1 0
log_analyzer/filter/filter.go:72.4,72.43 1 0
log_analyzer/filter/filter.go:76.3,76.26 1 0
log_analyzer/filter/filter.go:76.26,78.12 2 0
log_analyzer/filter/filter.go:81.3,83.32 2 0
log_analyzer/filter/filter.go:83.32,85.4 1 0
log_analyzer/filter/filter.go:88.2,88.15 1 0
log_analyzer/filter/filter1.go:11.21,14.41 2 1
log_analyzer/filter/filter1.go:14.41,16.63 2 1
log_analyzer/filter/filter1.go:16.63,17.12 1 1
log_analyzer/filter/filter1.go:19.3,19.60 1 1
log_analyzer/filter/filter1.go:19.60,20.12 1 1
log_analyzer/filter/filter1.go:22.3,23.22 2 1
log_analyzer/filter/filter1.go:23.22,25.33 2 1
log_analyzer/filter/filter1.go:25.33,26.54 1 1
log_analyzer/filter/filter1.go:26.54,28.6 1 1
log_analyzer/filter/filter1.go:31.3,31.26 1 1
log_analyzer/filter/filter1.go:31.26,34.41 3 1
log_analyzer/filter/filter1.go:34.41,35.62 1 1
log_analyzer/filter/filter1.go:35.62,36.53 1 1
log_analyzer/filter/filter1.go:36.53,38.7 1 1
log_analyzer/filter/filter1.go:41.4,41.34 1 1
log_analyzer/filter/filter1.go:44.3,44.21 1 1
log_analyzer/filter/filter1.go:44.21,47.31 3 1
log_analyzer/filter/filter1.go:47.31,48.52 1 1
log_analyzer/filter/filter1.go:48.52,49.53 1 1
log_analyzer/filter/filter1.go:49.53,51.7 1 1
log_analyzer/filter/filter1.go:54.4,54.29 1 1
log_analyzer/filter/filter1.go:56.3,56.22 1 1
log_analyzer/filter/filter1.go:56.22,59.33 3 1
log_analyzer/filter/filter1.go:59.33,60.54 1 1
log_analyzer/filter/filter1.go:60.54,61.53 1 1
log_analyzer/filter/filter1.go:61.53,63.7 1 1
log_analyzer/filter/filter1.go:66.4,66.32 1 1
log_analyzer/filter/filter1.go:68.3,68.66 1 1
log_analyzer/filter/filter1.go:68.66,70.4 1 1
log_analyzer/filter/filter1.go:70.9,70.31 1 1
log_analyzer/filter/filter1.go:70.31,71.45 1 1
log_analyzer/filter/filter1.go:71.45,72.60 1 1
log_analyzer/filter/filter1.go:72.60,73.14 1 1
log_analyzer/filter/filter1.go:75.5,75.55 1 1
log_analyzer/filter/filter1.go:75.55,76.14 1 1
log_analyzer/filter/filter1.go:78.5,78.35 1 1
log_analyzer/filter/filter1.go:81.3,81.33 1 1
log_analyzer/filter/filter1.go:81.33,83.59 2 1
log_analyzer/filter/filter1.go:83.59,84.13 1 1
log_analyzer/filter/filter1.go:86.4,86.54 1 1
log_analyzer/filter/filter1.go:86.54,87.13 1 1
log_analyzer/filter/filter1.go:89.4,89.34 1 1
log_analyzer/filter/filter1.go:102.2,102.15 1 1
