mode: set
log_analyzer/segmenter/logSegmenter.go:13.61,18.16 3 1
log_analyzer/segmenter/logSegmenter.go:18.16,20.3 1 1
log_analyzer/segmenter/logSegmenter.go:21.2,21.29 1 1
log_analyzer/segmenter/logSegmenter.go:21.29,22.19 1 1
log_analyzer/segmenter/logSegmenter.go:22.19,23.12 1 1
log_analyzer/segmenter/logSegmenter.go:25.3,27.17 3 1
log_analyzer/segmenter/logSegmenter.go:27.17,29.4 1 0
log_analyzer/segmenter/logSegmenter.go:30.3,34.22 4 1
log_analyzer/segmenter/logSegmenter.go:34.22,37.18 3 1
log_analyzer/segmenter/logSegmenter.go:37.18,39.5 1 1
log_analyzer/segmenter/logSegmenter.go:41.3,42.27 2 1
log_analyzer/segmenter/logSegmenter.go:42.27,43.12 1 1
log_analyzer/segmenter/logSegmenter.go:45.3,53.57 3 1
log_analyzer/segmenter/logSegmenter.go:55.2,55.22 1 1
